<?xml version="1.0" encoding="UTF-8" standalone="yes"?><!DOCTYPE report PUBLIC "-//JACOCO//DTD Report 1.0//EN" "report.dtd"><report name="CAPXT000"><sessioninfo id="PCTECHVM01-W10-f5ddbaf5" start="1568913549244" dump="1568913550736"/><sessioninfo id="PCTECHVM01-W10-de41618b" start="1568913608269" dump="1568913609765"/><sessioninfo id="PCTECHVM01-W10-4323676e" start="1568920260273" dump="1568920261752"/><sessioninfo id="PCTECHVM01-W10-fa48b3f3" start="1568921609850" dump="1568921611490"/><sessioninfo id="PCTECHVM01-W10-bdb1eff3" start="1568922133937" dump="1568922135478"/><sessioninfo id="PCTECHVM15-W10-30652c3c" start="1568930338758" dump="1568930340597"/><sessioninfo id="PCTECHVM15-W10-568b3a0f" start="1568930392952" dump="1568930394872"/><sessioninfo id="PCTECHVM15-W10-75541162" start="1568931087658" dump="1568931089667"/><sessioninfo id="PCTECHVM15-W10-cd2f23b5" start="1568931255421" dump="1568931257247"/><sessioninfo id="PCTECHVM15-W10-ef91052a" start="1568931769719" dump="1568931771563"/><sessioninfo id="PCTECHVM15-W10-fc6825d0" start="1568932090125" dump="1568932091960"/><sessioninfo id="PCTECHVM15-W10-ed75d8f7" start="1568932345210" dump="1568932347289"/><sessioninfo id="PCTECHVM15-W10-75e7c876" start="1568932482619" dump="1568932484414"/><sessioninfo id="PCTECHVM15-W10-6f470b7" start="1568932790523" dump="1568932792395"/><sessioninfo id="PCTECHVM15-W10-e620d6b0" start="1568934660185" dump="1568934662217"/><sessioninfo id="PCTECHVM15-W10-852c7b15" start="1568943723605" dump="1568943725585"/><sessioninfo id="PCTECHVM15-W10-b058d08b" start="1568944125444" dump="1568944127536"/><sessioninfo id="PCTECHVM15-W10-e2d11b85" start="1568944396427" dump="1568944397965"/><sessioninfo id="PCTECHVM15-W10-436a50c6" start="1568944533472" dump="1568944535121"/><sessioninfo id="PCTECHVM15-W10-5f10c303" start="1568944915383" dump="1568944917238"/><sessioninfo id="PCTECHVM15-W10-f590429a" start="1568945009042" dump="1568945010623"/><sessioninfo id="PCTECHVM15-W10-5bed1bcf" start="1568945440574" dump="1568945442709"/><sessioninfo id="PCTECHVM15-W10-5510123d" start="1568995976358" dump="1568995978219"/><package name="com/bbva/capx"><class name="com/bbva/capx/AbstractCAPXT00001COTransaction"><method name="&lt;init&gt;" desc="()V" line="11"><counter type="INSTRUCTION" missed="0" covered="3"/><counter type="LINE" missed="0" covered="2"/><counter type="COMPLEXITY" missed="0" covered="1"/><counter type="METHOD" missed="0" covered="1"/></method><method name="getTravelinfo" desc="()Lcom/bbva/capx/dto/googlemaps/DataIn;" line="20"><counter type="INSTRUCTION" missed="0" covered="5"/><counter type="LINE" missed="0" covered="1"/><counter type="COMPLEXITY" missed="0" covered="1"/><counter type="METHOD" missed="0" covered="1"/></method><method name="setEntitylist" desc="(Ljava/util/List;)V" line="30"><counter type="INSTRUCTION" missed="0" covered="5"/><counter type="LINE" missed="0" covered="2"/><counter type="COMPLEXITY" missed="0" covered="1"/><counter type="METHOD" missed="0" covered="1"/></method><counter type="INSTRUCTION" missed="0" covered="13"/><counter type="LINE" missed="0" covered="5"/><counter type="COMPLEXITY" missed="0" covered="3"/><counter type="METHOD" missed="0" covered="3"/><counter type="CLASS" missed="0" covered="1"/></class><class name="com/bbva/capx/CAPXT00001COTransaction"><method name="&lt;clinit&gt;" desc="()V" line="22"><counter type="INSTRUCTION" missed="0" covered="4"/><counter type="LINE" missed="0" covered="1"/><counter type="COMPLEXITY" missed="0" covered="1"/><counter type="METHOD" missed="0" covered="1"/></method><method name="&lt;init&gt;" desc="()V" line="20"><counter type="INSTRUCTION" missed="0" covered="3"/><counter type="LINE" missed="0" covered="1"/><counter type="COMPLEXITY" missed="0" covered="1"/><counter type="METHOD" missed="0" covered="1"/></method><method name="execute" desc="()V" line="32"><counter type="INSTRUCTION" missed="0" covered="35"/><counter type="LINE" missed="0" covered="9"/><counter type="COMPLEXITY" missed="0" covered="1"/><counter type="METHOD" missed="0" covered="1"/></method><counter type="INSTRUCTION" missed="0" covered="42"/><counter type="LINE" missed="0" covered="11"/><counter type="COMPLEXITY" missed="0" covered="3"/><counter type="METHOD" missed="0" covered="3"/><counter type="CLASS" missed="0" covered="1"/></class><sourcefile name="AbstractCAPXT00001COTransaction.java"><line nr="11" mi="0" ci="2" mb="0" cb="0"/><line nr="12" mi="0" ci="1" mb="0" cb="0"/><line nr="20" mi="0" ci="5" mb="0" cb="0"/><line nr="30" mi="0" ci="4" mb="0" cb="0"/><line nr="31" mi="0" ci="1" mb="0" cb="0"/><counter type="INSTRUCTION" missed="0" covered="13"/><counter type="LINE" missed="0" covered="5"/><counter type="COMPLEXITY" missed="0" covered="3"/><counter type="METHOD" missed="0" covered="3"/><counter type="CLASS" missed="0" covered="1"/></sourcefile><sourcefile name="CAPXT00001COTransaction.java"><line nr="20" mi="0" ci="3" mb="0" cb="0"/><line nr="22" mi="0" ci="4" mb="0" cb="0"/><line nr="32" mi="0" ci="3" mb="0" cb="0"/><line nr="34" mi="0" ci="5" mb="0" cb="0"/><line nr="35" mi="0" ci="7" mb="0" cb="0"/><line nr="36" mi="0" ci="4" mb="0" cb="0"/><line nr="37" mi="0" ci="4" mb="0" cb="0"/><line nr="39" mi="0" ci="4" mb="0" cb="0"/><line nr="40" mi="0" ci="4" mb="0" cb="0"/><line nr="45" mi="0" ci="3" mb="0" cb="0"/><line nr="47" mi="0" ci="1" mb="0" cb="0"/><counter type="INSTRUCTION" missed="0" covered="42"/><counter type="LINE" missed="0" covered="11"/><counter type="COMPLEXITY" missed="0" covered="3"/><counter type="METHOD" missed="0" covered="3"/><counter type="CLASS" missed="0" covered="1"/></sourcefile><counter type="INSTRUCTION" missed="0" covered="55"/><counter type="LINE" missed="0" covered="16"/><counter type="COMPLEXITY" missed="0" covered="6"/><counter type="METHOD" missed="0" covered="6"/><counter type="CLASS" missed="0" covered="2"/></package><counter type="INSTRUCTION" missed="0" covered="55"/><counter type="LINE" missed="0" covered="16"/><counter type="COMPLEXITY" missed="0" covered="6"/><counter type="METHOD" missed="0" covered="6"/><counter type="CLASS" missed="0" covered="2"/></report>