<?xml version="1.0" encoding="UTF-8" standalone="yes"?><!DOCTYPE report PUBLIC "-//JACOCO//DTD Report 1.0//EN" "report.dtd"><report name="CAPXR001IMPL"><sessioninfo id="PCTECHVM15-W10-1849f7e2" start="1568942570237" dump="1568942572613"/><sessioninfo id="PCTECHVM15-W10-b2ee9c02" start="1568943716841" dump="1568943719722"/><sessioninfo id="PCTECHVM15-W10-d5f7d689" start="1568943896376" dump="1568943920053"/><sessioninfo id="PCTECHVM15-W10-b5926c67" start="1568943938919" dump="1568943962725"/><sessioninfo id="PCTECHVM15-W10-daca9d1d" start="1568943989157" dump="1568944012704"/><sessioninfo id="PCTECHVM15-W10-ed1818f5" start="1568944012332" dump="1568944036670"/><sessioninfo id="PCTECHVM15-W10-937fe3f3" start="1568944075691" dump="1568944099892"/><sessioninfo id="PCTECHVM15-W10-bca6329f" start="1568944108081" dump="1568944111460"/><sessioninfo id="PCTECHVM15-W10-4cc1e57" start="1568944999940" dump="1568945003287"/><sessioninfo id="PCTECHVM15-W10-ef743ed0" start="1568945434842" dump="1568945437753"/><sessioninfo id="PCTECHVM15-W10-bae7df4c" start="1568945454932" dump="1568945479781"/><sessioninfo id="PCTECHVM15-W10-e10b0c95" start="1568994661878" dump="1568994666800"/><sessioninfo id="PCTECHVM15-W10-9cd28102" start="1568995139856" dump="1568995141770"/><sessioninfo id="PCTECHVM15-W10-24aba22b" start="1568995262326" dump="1568995264208"/><sessioninfo id="PCTECHVM15-W10-d95d3005" start="1568995289167" dump="1568995290163"/><sessioninfo id="PCTECHVM15-W10-e007b89f" start="1568995965710" dump="1568995966702"/><package name="com/bbva/capx/lib/r001/impl"><class name="com/bbva/capx/lib/r001/impl/CAPXR001Abstract"><method name="&lt;clinit&gt;" desc="()V" line="17"><counter type="INSTRUCTION" missed="0" covered="4"/><counter type="LINE" missed="0" covered="1"/><counter type="COMPLEXITY" missed="0" covered="1"/><counter type="METHOD" missed="0" covered="1"/></method><method name="&lt;init&gt;" desc="()V" line="15"><counter type="INSTRUCTION" missed="0" covered="3"/><counter type="LINE" missed="0" covered="1"/><counter type="COMPLEXITY" missed="0" covered="1"/><counter type="METHOD" missed="0" covered="1"/></method><method name="setApplicationConfigurationService" desc="(Lcom/bbva/elara/configuration/manager/application/ApplicationConfigurationService;)V" line="31"><counter type="INSTRUCTION" missed="0" covered="4"/><counter type="LINE" missed="0" covered="2"/><counter type="COMPLEXITY" missed="0" covered="1"/><counter type="METHOD" missed="0" covered="1"/></method><method name="setExternalApiConnector" desc="(Lcom/bbva/elara/utility/api/connector/APIConnector;)V" line="39"><counter type="INSTRUCTION" missed="0" covered="4"/><counter type="LINE" missed="0" covered="2"/><counter type="COMPLEXITY" missed="0" covered="1"/><counter type="METHOD" missed="0" covered="1"/></method><method name="setApiConnectorBuilder" desc="(Lcom/bbva/elara/utility/api/connector/APIConnectorBuilder;)V" line="46"><counter type="INSTRUCTION" missed="0" covered="4"/><counter type="LINE" missed="0" covered="2"/><counter type="COMPLEXITY" missed="0" covered="1"/><counter type="METHOD" missed="0" covered="1"/></method><counter type="INSTRUCTION" missed="0" covered="19"/><counter type="LINE" missed="0" covered="8"/><counter type="COMPLEXITY" missed="0" covered="5"/><counter type="METHOD" missed="0" covered="5"/><counter type="CLASS" missed="0" covered="1"/></class><class name="com/bbva/capx/lib/r001/impl/CAPXR001Impl"><method name="&lt;init&gt;" desc="()V" line="14"><counter type="INSTRUCTION" missed="0" covered="3"/><counter type="LINE" missed="0" covered="1"/><counter type="COMPLEXITY" missed="0" covered="1"/><counter type="METHOD" missed="0" covered="1"/></method><method name="setCAPXR003" desc="(Lcom/bbva/capx/lib/r003/CAPXR003;)V" line="22"><counter type="INSTRUCTION" missed="0" covered="4"/><counter type="LINE" missed="0" covered="2"/><counter type="COMPLEXITY" missed="0" covered="1"/><counter type="METHOD" missed="0" covered="1"/></method><method name="executeValidateTravel" desc="(Ljava/lang/String;Ljava/lang/String;)Lcom/bbva/capx/dto/googlemaps/DataOut;" line="43"><counter type="INSTRUCTION" missed="4" covered="122"/><counter type="BRANCH" missed="1" covered="1"/><counter type="LINE" missed="1" covered="16"/><counter type="COMPLEXITY" missed="1" covered="1"/><counter type="METHOD" missed="0" covered="1"/></method><method name="&lt;clinit&gt;" desc="()V" line="16"><counter type="INSTRUCTION" missed="0" covered="4"/><counter type="LINE" missed="0" covered="1"/><counter type="COMPLEXITY" missed="0" covered="1"/><counter type="METHOD" missed="0" covered="1"/></method><counter type="INSTRUCTION" missed="4" covered="133"/><counter type="BRANCH" missed="1" covered="1"/><counter type="LINE" missed="1" covered="20"/><counter type="COMPLEXITY" missed="1" covered="4"/><counter type="METHOD" missed="0" covered="4"/><counter type="CLASS" missed="0" covered="1"/></class><sourcefile name="CAPXR001Impl.java"><line nr="14" mi="0" ci="3" mb="0" cb="0"/><line nr="16" mi="0" ci="4" mb="0" cb="0"/><line nr="22" mi="0" ci="3" mb="0" cb="0"/><line nr="23" mi="0" ci="1" mb="0" cb="0"/><line nr="43" mi="0" ci="8" mb="0" cb="0"/><line nr="44" mi="0" ci="4" mb="0" cb="0"/><line nr="45" mi="0" ci="6" mb="0" cb="0"/><line nr="47" mi="0" ci="4" mb="0" cb="0"/><line nr="48" mi="0" ci="4" mb="0" cb="0"/><line nr="49" mi="0" ci="4" mb="0" cb="0"/><line nr="51" mi="0" ci="13" mb="0" cb="0"/><line nr="52" mi="0" ci="13" mb="0" cb="0"/><line nr="54" mi="0" ci="13" mb="0" cb="0"/><line nr="55" mi="0" ci="13" mb="0" cb="0"/><line nr="57" mi="0" ci="16" mb="1" cb="1"/><line nr="58" mi="0" ci="13" mb="0" cb="0"/><line nr="60" mi="4" ci="0" mb="0" cb="0"/><line nr="63" mi="0" ci="3" mb="0" cb="0"/><line nr="64" mi="0" ci="3" mb="0" cb="0"/><line nr="65" mi="0" ci="3" mb="0" cb="0"/><line nr="67" mi="0" ci="2" mb="0" cb="0"/><counter type="INSTRUCTION" missed="4" covered="133"/><counter type="BRANCH" missed="1" covered="1"/><counter type="LINE" missed="1" covered="20"/><counter type="COMPLEXITY" missed="1" covered="4"/><counter type="METHOD" missed="0" covered="4"/><counter type="CLASS" missed="0" covered="1"/></sourcefile><sourcefile name="CAPXR001Abstract.java"><line nr="15" mi="0" ci="3" mb="0" cb="0"/><line nr="17" mi="0" ci="4" mb="0" cb="0"/><line nr="31" mi="0" ci="3" mb="0" cb="0"/><line nr="32" mi="0" ci="1" mb="0" cb="0"/><line nr="39" mi="0" ci="3" mb="0" cb="0"/><line nr="40" mi="0" ci="1" mb="0" cb="0"/><line nr="46" mi="0" ci="3" mb="0" cb="0"/><line nr="47" mi="0" ci="1" mb="0" cb="0"/><counter type="INSTRUCTION" missed="0" covered="19"/><counter type="LINE" missed="0" covered="8"/><counter type="COMPLEXITY" missed="0" covered="5"/><counter type="METHOD" missed="0" covered="5"/><counter type="CLASS" missed="0" covered="1"/></sourcefile><counter type="INSTRUCTION" missed="4" covered="152"/><counter type="BRANCH" missed="1" covered="1"/><counter type="LINE" missed="1" covered="28"/><counter type="COMPLEXITY" missed="1" covered="9"/><counter type="METHOD" missed="0" covered="9"/><counter type="CLASS" missed="0" covered="2"/></package><counter type="INSTRUCTION" missed="4" covered="152"/><counter type="BRANCH" missed="1" covered="1"/><counter type="LINE" missed="1" covered="28"/><counter type="COMPLEXITY" missed="1" covered="9"/><counter type="METHOD" missed="0" covered="9"/><counter type="CLASS" missed="0" covered="2"/></report>